2018-12-20 15:09:33 INFO  Log:18 - Test is Starting...
2018-12-20 15:09:44 INFO  Log:28 - Navigating to url
2018-12-20 15:09:45 INFO  Log:28 - Opening the browser
2018-12-20 15:09:45 INFO  Log:28 - formFilling101Testing is Starting inside the formFilling
2018-12-20 15:10:41 INFO  Log:28 - Running @Test methods
2018-12-20 15:10:41 INFO  Log:18 - Test is Starting...
2018-12-20 15:10:50 INFO  Log:28 - Navigating to url
2018-12-20 15:10:51 INFO  Log:28 - Opening the browser
2018-12-20 15:11:14 INFO  Log:23 - Test is Ending...
2018-12-20 16:19:25 INFO  Log:18 - Test is Starting...
2018-12-20 16:19:38 INFO  Log:28 - Navigating to url
2018-12-20 16:19:39 INFO  Log:28 - Opening the browser
2018-12-20 16:19:40 INFO  Log:28 - Testing is Starting insideformFilling101
2018-12-20 16:19:40 INFO  Log:28 - FirstName is Entered Successfully
2018-12-20 16:19:40 INFO  Log:28 - socialsecuritynumber is Entered Successfully
2018-12-20 16:19:40 INFO  Log:28 - employee date of birth is Entered Successfully
2018-12-20 16:19:41 INFO  Log:28 - Employee home address is Entered Successfully
2018-12-20 16:19:41 INFO  Log:28 - Employee City is Entered Successfully
2018-12-20 16:19:41 INFO  Log:28 - Employee City is Entered Successfully
2018-12-20 16:19:41 INFO  Log:28 - Employee Zipcode is Entered Successfully
2018-12-20 16:19:41 INFO  Log:28 - Employee telephone is Entered Successfully
2018-12-20 16:19:41 INFO  Log:28 - Employee gender is Entered Successfully
2018-12-20 16:19:42 INFO  Log:28 - Employer Name is Entered Successfully
2018-12-20 16:19:42 INFO  Log:28 - Employer FIEN Number is Entered Successfully
2018-12-20 16:19:42 INFO  Log:28 - Employer office address is Entered Successfully
2018-12-20 16:19:42 INFO  Log:28 - Employer City is Entered Successfully
2018-12-20 16:19:42 INFO  Log:28 - Employer State is Entered Successfully
2018-12-20 16:19:42 INFO  Log:28 - Employer Zipcode is Entered Successfully
2018-12-20 16:19:43 INFO  Log:28 - Employer telephone is Entered Successfully
2018-12-20 16:19:43 INFO  Log:28 - Employer Date of Injury is Entered Successfully
2018-12-20 16:19:43 INFO  Log:28 - Employer Date notified is Entered Successfully
2018-12-20 16:19:43 INFO  Log:28 - Employer Date of after injury is Entered Successfully
2018-12-20 16:19:43 INFO  Log:28 - Employee occupation is Entered Successfully
2018-12-20 16:19:43 INFO  Log:28 - Employee premesis is Entered Successfully
2018-12-20 16:19:43 INFO  Log:28 - Employee injury or illness is Entered Successfully
2018-12-20 16:19:44 INFO  Log:28 - Employee body injured is Entered Successfully
2018-12-20 16:19:44 INFO  Log:28 - Employee lookuppartofbodyinjured is Entered Successfully
2018-12-20 16:19:59 INFO  Log:28 - Employee fatal detail is Entered Successfully
2018-12-20 16:19:59 INFO  Log:28 - employee emergency is Entered Successfully
2018-12-20 16:20:36 INFO  Log:28 - Running @Test methods
2018-12-20 16:20:36 INFO  Log:18 - Test is Starting...
2018-12-20 16:20:44 INFO  Log:28 - Navigating to url
2018-12-20 16:20:45 INFO  Log:28 - Opening the browser
2018-12-20 16:20:59 INFO  Log:28 - Loging into the Lightning Successfully
2018-12-20 16:21:09 INFO  Log:23 - Test is Ending...
2018-12-20 16:30:57 INFO  Log:18 - Test is Starting...
2018-12-20 16:31:09 INFO  Log:28 - Navigating to url
2018-12-20 16:31:10 INFO  Log:28 - Opening the browser
2018-12-20 16:31:11 INFO  Log:28 - Testing is Starting insideformFilling101
2018-12-20 16:31:11 INFO  Log:28 - FirstName is Entered Successfully
2018-12-20 16:31:11 INFO  Log:28 - socialsecuritynumber is Entered Successfully
2018-12-20 16:31:11 INFO  Log:28 - employee date of birth is Entered Successfully
2018-12-20 16:31:11 INFO  Log:28 - Employee home address is Entered Successfully
2018-12-20 16:31:12 INFO  Log:28 - Employee City is Entered Successfully
2018-12-20 16:31:12 INFO  Log:28 - Employee City is Entered Successfully
2018-12-20 16:31:12 INFO  Log:28 - Employee Zipcode is Entered Successfully
2018-12-20 16:31:12 INFO  Log:28 - Employee telephone is Entered Successfully
2018-12-20 16:31:12 INFO  Log:28 - Employee gender is Entered Successfully
2018-12-20 16:31:12 INFO  Log:28 - Employer Name is Entered Successfully
2018-12-20 16:31:12 INFO  Log:28 - Employer FIEN Number is Entered Successfully
2018-12-20 16:31:13 INFO  Log:28 - Employer office address is Entered Successfully
2018-12-20 16:31:13 INFO  Log:28 - Employer City is Entered Successfully
2018-12-20 16:31:13 INFO  Log:28 - Employer State is Entered Successfully
2018-12-20 16:31:13 INFO  Log:28 - Employer Zipcode is Entered Successfully
2018-12-20 16:31:13 INFO  Log:28 - Employer telephone is Entered Successfully
2018-12-20 16:31:13 INFO  Log:28 - Employer Date of Injury is Entered Successfully
2018-12-20 16:31:13 INFO  Log:28 - Employer Date notified is Entered Successfully
2018-12-20 16:31:13 INFO  Log:28 - Employer Date of after injury is Entered Successfully
2018-12-20 16:31:14 INFO  Log:28 - Employee occupation is Entered Successfully
2018-12-20 16:31:14 INFO  Log:28 - Employee premesis is Entered Successfully
2018-12-20 16:31:14 INFO  Log:28 - Employee injury or illness is Entered Successfully
2018-12-20 16:31:14 INFO  Log:28 - Employee body injured is Entered Successfully
2018-12-20 16:31:14 INFO  Log:28 - Employee lookuppartofbodyinjured is Entered Successfully
2018-12-20 16:31:29 INFO  Log:28 - Employee fatal detail is Entered Successfully
2018-12-20 16:31:29 INFO  Log:28 - employee emergency is Entered Successfully
2018-12-20 16:32:06 INFO  Log:28 - Running @Test methods
2018-12-20 16:32:06 INFO  Log:18 - Test is Starting...
2018-12-20 16:32:14 INFO  Log:28 - Navigating to url
2018-12-20 16:32:16 INFO  Log:28 - Opening the browser
2018-12-20 16:32:27 INFO  Log:28 - Loging into the Lightning Successfully
2018-12-20 16:32:38 INFO  Log:23 - Test is Ending...
2018-12-20 16:38:17 INFO  Log:18 - Test is Starting...
2018-12-20 16:38:28 INFO  Log:28 - Navigating to url
2018-12-20 16:38:29 INFO  Log:28 - Opening the browser
2018-12-20 16:38:30 INFO  Log:28 - Testing is Starting insideformFilling101
2018-12-20 16:38:30 INFO  Log:28 - FirstName is Entered Successfully
2018-12-20 16:38:30 INFO  Log:28 - socialsecuritynumber is Entered Successfully
2018-12-20 16:38:31 INFO  Log:28 - employee date of birth is Entered Successfully
2018-12-20 16:38:31 INFO  Log:28 - Employee home address is Entered Successfully
2018-12-20 16:38:31 INFO  Log:28 - Employee City is Entered Successfully
2018-12-20 16:38:31 INFO  Log:28 - Employee City is Entered Successfully
2018-12-20 16:38:31 INFO  Log:28 - Employee Zipcode is Entered Successfully
2018-12-20 16:38:31 INFO  Log:28 - Employee telephone is Entered Successfully
2018-12-20 16:38:31 INFO  Log:28 - Employee gender is Entered Successfully
2018-12-20 16:38:32 INFO  Log:28 - Employer Name is Entered Successfully
2018-12-20 16:38:32 INFO  Log:28 - Employer FIEN Number is Entered Successfully
2018-12-20 16:38:32 INFO  Log:28 - Employer office address is Entered Successfully
2018-12-20 16:38:32 INFO  Log:28 - Employer City is Entered Successfully
2018-12-20 16:38:32 INFO  Log:28 - Employer State is Entered Successfully
2018-12-20 16:38:32 INFO  Log:28 - Employer Zipcode is Entered Successfully
2018-12-20 16:38:32 INFO  Log:28 - Employer telephone is Entered Successfully
2018-12-20 16:38:33 INFO  Log:28 - Employer Date of Injury is Entered Successfully
2018-12-20 16:38:33 INFO  Log:28 - Employer Date notified is Entered Successfully
2018-12-20 16:38:33 INFO  Log:28 - Employer Date of after injury is Entered Successfully
2018-12-20 16:38:33 INFO  Log:28 - Employee occupation is Entered Successfully
2018-12-20 16:38:33 INFO  Log:28 - Employee premesis is Entered Successfully
2018-12-20 16:38:33 INFO  Log:28 - Employee injury or illness is Entered Successfully
2018-12-20 16:38:34 INFO  Log:28 - Employee body injured is Entered Successfully
2018-12-20 16:38:34 INFO  Log:28 - Employee lookuppartofbodyinjured is Entered Successfully
2018-12-20 16:38:49 INFO  Log:28 - Employee fatal detail is Entered Successfully
2018-12-20 16:38:49 INFO  Log:28 - employee emergency is Entered Successfully
2018-12-20 16:38:58 INFO  Log:18 - Test is Starting...
2018-12-20 16:39:15 INFO  Log:28 - Navigating to url
2018-12-20 16:39:16 INFO  Log:28 - Opening the browser
2018-12-20 16:39:16 INFO  Log:28 - Testing is Starting insideformFilling101
2018-12-20 16:39:16 INFO  Log:28 - FirstName is Entered Successfully
2018-12-20 16:39:16 INFO  Log:28 - socialsecuritynumber is Entered Successfully
2018-12-20 16:39:16 INFO  Log:28 - employee date of birth is Entered Successfully
2018-12-20 16:39:17 INFO  Log:28 - Employee home address is Entered Successfully
2018-12-20 16:39:17 INFO  Log:28 - Employee City is Entered Successfully
2018-12-20 16:39:17 INFO  Log:28 - Employee City is Entered Successfully
2018-12-20 16:39:17 INFO  Log:28 - Employee Zipcode is Entered Successfully
2018-12-20 16:39:17 INFO  Log:28 - Employee telephone is Entered Successfully
2018-12-20 16:39:17 INFO  Log:28 - Employee gender is Entered Successfully
2018-12-20 16:39:17 INFO  Log:28 - Employer Name is Entered Successfully
2018-12-20 16:39:18 INFO  Log:28 - Employer FIEN Number is Entered Successfully
2018-12-20 16:39:18 INFO  Log:28 - Employer office address is Entered Successfully
2018-12-20 16:39:18 INFO  Log:28 - Employer City is Entered Successfully
2018-12-20 16:39:18 INFO  Log:28 - Employer State is Entered Successfully
2018-12-20 16:39:18 INFO  Log:28 - Employer Zipcode is Entered Successfully
2018-12-20 16:39:18 INFO  Log:28 - Employer telephone is Entered Successfully
2018-12-20 16:39:18 INFO  Log:28 - Employer Date of Injury is Entered Successfully
2018-12-20 16:39:19 INFO  Log:28 - Employer Date notified is Entered Successfully
2018-12-20 16:39:19 INFO  Log:28 - Employer Date of after injury is Entered Successfully
2018-12-20 16:39:19 INFO  Log:28 - Employee occupation is Entered Successfully
2018-12-20 16:39:19 INFO  Log:28 - Employee premesis is Entered Successfully
2018-12-20 16:39:19 INFO  Log:28 - Employee injury or illness is Entered Successfully
2018-12-20 16:39:19 INFO  Log:28 - Employee body injured is Entered Successfully
2018-12-20 16:39:19 INFO  Log:28 - Employee lookuppartofbodyinjured is Entered Successfully
2018-12-20 16:39:34 INFO  Log:28 - Employee fatal detail is Entered Successfully
2018-12-20 16:39:34 INFO  Log:28 - employee emergency is Entered Successfully
2018-12-20 16:40:10 INFO  Log:28 - Running @Test methods
2018-12-20 16:40:11 INFO  Log:23 - Test is Ending...
2018-12-20 16:41:07 INFO  Log:18 - Test is Starting...
2018-12-20 16:41:17 INFO  Log:28 - Navigating to url
2018-12-20 16:41:18 INFO  Log:28 - Opening the browser
2018-12-20 16:41:18 INFO  Log:28 - Testing is Starting insideformFilling101
2018-12-20 16:41:18 INFO  Log:28 - FirstName is Entered Successfully
2018-12-20 16:41:19 INFO  Log:28 - socialsecuritynumber is Entered Successfully
2018-12-20 16:41:19 INFO  Log:28 - employee date of birth is Entered Successfully
2018-12-20 16:41:19 INFO  Log:28 - Employee home address is Entered Successfully
2018-12-20 16:41:19 INFO  Log:28 - Employee City is Entered Successfully
2018-12-20 16:41:19 INFO  Log:28 - Employee City is Entered Successfully
2018-12-20 16:41:19 INFO  Log:28 - Employee Zipcode is Entered Successfully
2018-12-20 16:41:19 INFO  Log:28 - Employee telephone is Entered Successfully
2018-12-20 16:41:20 INFO  Log:28 - Employee gender is Entered Successfully
2018-12-20 16:41:20 INFO  Log:28 - Employer Name is Entered Successfully
2018-12-20 16:41:20 INFO  Log:28 - Employer FIEN Number is Entered Successfully
2018-12-20 16:41:20 INFO  Log:28 - Employer office address is Entered Successfully
2018-12-20 16:41:21 INFO  Log:28 - Employer City is Entered Successfully
2018-12-20 16:41:21 INFO  Log:28 - Employer State is Entered Successfully
2018-12-20 16:41:21 INFO  Log:28 - Employer Zipcode is Entered Successfully
2018-12-20 16:41:21 INFO  Log:28 - Employer telephone is Entered Successfully
2018-12-20 16:41:21 INFO  Log:28 - Employer Date of Injury is Entered Successfully
2018-12-20 16:41:21 INFO  Log:28 - Employer Date notified is Entered Successfully
2018-12-20 16:41:21 INFO  Log:28 - Employer Date of after injury is Entered Successfully
2018-12-20 16:41:22 INFO  Log:28 - Employee occupation is Entered Successfully
2018-12-20 16:41:22 INFO  Log:28 - Employee premesis is Entered Successfully
2018-12-20 16:41:22 INFO  Log:28 - Employee injury or illness is Entered Successfully
2018-12-20 16:41:22 INFO  Log:28 - Employee body injured is Entered Successfully
2018-12-20 16:41:22 INFO  Log:28 - Employee lookuppartofbodyinjured is Entered Successfully
2018-12-20 16:41:37 INFO  Log:28 - Employee fatal detail is Entered Successfully
2018-12-20 16:41:37 INFO  Log:28 - employee emergency is Entered Successfully
2018-12-20 16:42:12 INFO  Log:28 - Running @Test methods
2018-12-20 16:42:12 INFO  Log:18 - Test is Starting...
2018-12-20 16:42:22 INFO  Log:28 - Navigating to url
2018-12-20 16:42:23 INFO  Log:28 - Opening the browser
2018-12-20 16:42:34 INFO  Log:28 - Loging into the Lightning Successfully
2018-12-20 16:42:45 INFO  Log:23 - Test is Ending...
2018-12-20 16:44:25 INFO  Log:18 - Test is Starting...
2018-12-20 16:44:37 INFO  Log:28 - Navigating to url
2018-12-20 16:44:38 INFO  Log:28 - Opening the browser
2018-12-20 16:44:38 INFO  Log:28 - Testing is Starting insideformFilling101
2018-12-20 16:44:38 INFO  Log:28 - FirstName is Entered Successfully
2018-12-20 16:44:38 INFO  Log:28 - socialsecuritynumber is Entered Successfully
2018-12-20 16:44:39 INFO  Log:28 - employee date of birth is Entered Successfully
2018-12-20 16:44:39 INFO  Log:28 - Employee home address is Entered Successfully
2018-12-20 16:44:39 INFO  Log:28 - Employee City is Entered Successfully
2018-12-20 16:44:39 INFO  Log:28 - Employee City is Entered Successfully
2018-12-20 16:44:39 INFO  Log:28 - Employee Zipcode is Entered Successfully
2018-12-20 16:44:39 INFO  Log:28 - Employee telephone is Entered Successfully
2018-12-20 16:44:39 INFO  Log:28 - Employee gender is Entered Successfully
2018-12-20 16:44:40 INFO  Log:28 - Employer Name is Entered Successfully
2018-12-20 16:44:40 INFO  Log:28 - Employer FIEN Number is Entered Successfully
2018-12-20 16:44:40 INFO  Log:28 - Employer office address is Entered Successfully
2018-12-20 16:44:40 INFO  Log:28 - Employer City is Entered Successfully
2018-12-20 16:44:40 INFO  Log:28 - Employer State is Entered Successfully
2018-12-20 16:44:40 INFO  Log:28 - Employer Zipcode is Entered Successfully
2018-12-20 16:44:40 INFO  Log:28 - Employer telephone is Entered Successfully
2018-12-20 16:44:41 INFO  Log:28 - Employer Date of Injury is Entered Successfully
2018-12-20 16:44:41 INFO  Log:28 - Employer Date notified is Entered Successfully
2018-12-20 16:44:41 INFO  Log:28 - Employer Date of after injury is Entered Successfully
2018-12-20 16:44:41 INFO  Log:28 - Employee occupation is Entered Successfully
2018-12-20 16:44:41 INFO  Log:28 - Employee premesis is Entered Successfully
2018-12-20 16:44:41 INFO  Log:28 - Employee injury or illness is Entered Successfully
2018-12-20 16:44:41 INFO  Log:28 - Employee body injured is Entered Successfully
2018-12-20 16:44:41 INFO  Log:28 - Employee lookuppartofbodyinjured is Entered Successfully
2018-12-20 16:44:57 INFO  Log:28 - Employee fatal detail is Entered Successfully
2018-12-20 16:44:57 INFO  Log:28 - employee emergency is Entered Successfully
2018-12-20 16:45:31 INFO  Log:28 - Running @Test methods
2018-12-20 16:45:31 INFO  Log:18 - Test is Starting...
2018-12-20 16:45:41 INFO  Log:28 - Navigating to url
2018-12-20 16:45:42 INFO  Log:28 - Opening the browser
2018-12-20 16:45:56 INFO  Log:28 - Loging into the Lightning Successfully
2018-12-20 16:46:06 INFO  Log:23 - Test is Ending...
2018-12-20 18:17:49 INFO  Log:18 - Test is Starting...
2018-12-20 18:18:00 INFO  Log:28 - Navigating to url
2018-12-20 18:18:01 INFO  Log:28 - Opening the browser
2018-12-20 18:18:02 INFO  Log:18 - Test is Starting...
2018-12-20 18:18:10 INFO  Log:28 - Navigating to url
2018-12-20 18:18:11 INFO  Log:28 - Opening the browser
2018-12-20 18:18:12 INFO  Log:18 - Test is Starting...
2018-12-20 18:18:23 INFO  Log:28 - Navigating to url
2018-12-20 18:18:24 INFO  Log:28 - Opening the browser
2018-12-20 18:18:25 INFO  Log:23 - Test is Ending...
2018-12-20 18:19:53 INFO  Log:18 - Test is Starting...
2018-12-20 18:20:05 INFO  Log:28 - Navigating to url
2018-12-20 18:20:06 INFO  Log:28 - Opening the browser
2018-12-20 18:20:06 INFO  Log:18 - Test is Starting...
2018-12-20 18:20:54 INFO  Log:18 - Test is Starting...
2018-12-20 18:21:03 INFO  Log:28 - Navigating to url
2018-12-20 18:21:04 INFO  Log:28 - Opening the browser
2018-12-20 18:21:05 INFO  Log:23 - Test is Ending...
2018-12-20 18:23:38 INFO  Log:18 - Test is Starting...
2018-12-20 18:23:48 INFO  Log:28 - Navigating to url
2018-12-20 18:23:50 INFO  Log:28 - Opening the browser
2018-12-20 18:25:25 INFO  Log:18 - Test is Starting...
2018-12-20 18:25:35 INFO  Log:28 - Navigating to url
2018-12-20 18:25:36 INFO  Log:28 - Opening the browser
2018-12-20 18:25:37 INFO  Log:28 - Testing is Starting insideformFilling101
2018-12-20 18:25:37 INFO  Log:28 - FirstName is Entered Successfully
2018-12-20 18:25:37 INFO  Log:28 - socialsecuritynumber is Entered Successfully
2018-12-20 18:25:37 INFO  Log:28 - employee date of birth is Entered Successfully
2018-12-20 18:25:37 INFO  Log:28 - Employee home address is Entered Successfully
2018-12-20 18:25:37 INFO  Log:28 - Employee City is Entered Successfully
2018-12-20 18:25:37 INFO  Log:28 - Employee City is Entered Successfully
2018-12-20 18:25:38 INFO  Log:28 - Employee Zipcode is Entered Successfully
2018-12-20 18:25:38 INFO  Log:28 - Employee telephone is Entered Successfully
2018-12-20 18:25:38 INFO  Log:28 - Employee gender is Entered Successfully
2018-12-20 18:25:38 INFO  Log:28 - Employer Name is Entered Successfully
2018-12-20 18:25:38 INFO  Log:28 - Employer FIEN Number is Entered Successfully
2018-12-20 18:25:38 INFO  Log:28 - Employer office address is Entered Successfully
2018-12-20 18:25:39 INFO  Log:28 - Employer City is Entered Successfully
2018-12-20 18:25:39 INFO  Log:28 - Employer State is Entered Successfully
2018-12-20 18:25:39 INFO  Log:28 - Employer Zipcode is Entered Successfully
2018-12-20 18:25:39 INFO  Log:28 - Employer telephone is Entered Successfully
2018-12-20 18:25:39 INFO  Log:28 - Employer Date of Injury is Entered Successfully
2018-12-20 18:25:39 INFO  Log:28 - Employer Date notified is Entered Successfully
2018-12-20 18:25:39 INFO  Log:28 - Employer Date of after injury is Entered Successfully
2018-12-20 18:25:40 INFO  Log:28 - Employee occupation is Entered Successfully
2018-12-20 18:25:40 INFO  Log:28 - Employee premesis is Entered Successfully
2018-12-20 18:25:40 INFO  Log:28 - Employee injury or illness is Entered Successfully
2018-12-20 18:25:40 INFO  Log:28 - Employee body injured is Entered Successfully
2018-12-20 18:25:40 INFO  Log:28 - Employee lookuppartofbodyinjured is Entered Successfully
2018-12-20 18:25:55 INFO  Log:28 - Employee fatal detail is Entered Successfully
2018-12-20 18:25:55 INFO  Log:28 - employee emergency is Entered Successfully
2018-12-20 18:26:38 INFO  Log:28 - Loging into the Lightning Successfully
2018-12-20 18:26:50 INFO  Log:23 - Test is Ending...
2018-12-20 18:30:07 INFO  Log:18 - Test is Starting...
2018-12-20 18:30:19 INFO  Log:28 - Navigating to url
2018-12-20 18:30:21 INFO  Log:28 - Opening the browser
2018-12-20 18:30:21 INFO  Log:28 - Testing is Starting insideformFilling101
2018-12-20 18:30:21 INFO  Log:28 - FirstName is Entered Successfully
2018-12-20 18:30:21 INFO  Log:28 - socialsecuritynumber is Entered Successfully
2018-12-20 18:30:21 INFO  Log:28 - employee date of birth is Entered Successfully
2018-12-20 18:30:22 INFO  Log:28 - Employee home address is Entered Successfully
2018-12-20 18:30:22 INFO  Log:28 - Employee City is Entered Successfully
2018-12-20 18:30:22 INFO  Log:28 - Employee City is Entered Successfully
2018-12-20 18:30:22 INFO  Log:28 - Employee Zipcode is Entered Successfully
2018-12-20 18:30:22 INFO  Log:28 - Employee telephone is Entered Successfully
2018-12-20 18:30:22 INFO  Log:28 - Employee gender is Entered Successfully
2018-12-20 18:30:23 INFO  Log:28 - Employer Name is Entered Successfully
2018-12-20 18:30:23 INFO  Log:28 - Employer FIEN Number is Entered Successfully
2018-12-20 18:30:23 INFO  Log:28 - Employer office address is Entered Successfully
2018-12-20 18:30:23 INFO  Log:28 - Employer City is Entered Successfully
2018-12-20 18:30:23 INFO  Log:28 - Employer State is Entered Successfully
2018-12-20 18:30:23 INFO  Log:28 - Employer Zipcode is Entered Successfully
2018-12-20 18:30:23 INFO  Log:28 - Employer telephone is Entered Successfully
2018-12-20 18:30:24 INFO  Log:28 - Employer Date of Injury is Entered Successfully
2018-12-20 18:30:24 INFO  Log:28 - Employer Date notified is Entered Successfully
2018-12-20 18:30:24 INFO  Log:28 - Employer Date of after injury is Entered Successfully
2018-12-20 18:30:24 INFO  Log:28 - Employee occupation is Entered Successfully
2018-12-20 18:30:24 INFO  Log:28 - Employee premesis is Entered Successfully
2018-12-20 18:30:24 INFO  Log:28 - Employee injury or illness is Entered Successfully
2018-12-20 18:30:24 INFO  Log:28 - Employee body injured is Entered Successfully
2018-12-20 18:30:24 INFO  Log:28 - Employee lookuppartofbodyinjured is Entered Successfully
2018-12-20 18:30:40 INFO  Log:28 - Employee fatal detail is Entered Successfully
2018-12-20 18:30:40 INFO  Log:28 - employee emergency is Entered Successfully
2018-12-20 18:31:22 INFO  Log:28 - Loging into the Lightning Successfully
2018-12-20 18:31:35 INFO  Log:23 - Test is Ending...
2018-12-21 10:11:46 INFO  Log:18 - Test is Starting...
2018-12-21 10:12:01 INFO  Log:28 - Navigating to url
2018-12-21 10:12:02 INFO  Log:28 - Opening the browser
2018-12-21 10:12:02 INFO  Log:28 - Testing is Starting insideformFilling101
2018-12-21 10:12:02 INFO  Log:28 - FirstName is Entered Successfully
2018-12-21 10:12:03 INFO  Log:28 - socialsecuritynumber is Entered Successfully
2018-12-21 10:12:03 INFO  Log:28 - employee date of birth is Entered Successfully
2018-12-21 10:12:03 INFO  Log:28 - Employee home address is Entered Successfully
2018-12-21 10:12:03 INFO  Log:28 - Employee City is Entered Successfully
2018-12-21 10:12:03 INFO  Log:28 - Employee City is Entered Successfully
2018-12-21 10:12:04 INFO  Log:28 - Employee Zipcode is Entered Successfully
2018-12-21 10:12:04 INFO  Log:28 - Employee telephone is Entered Successfully
2018-12-21 10:12:04 INFO  Log:28 - Employee gender is Entered Successfully
2018-12-21 10:12:04 INFO  Log:28 - Employer Name is Entered Successfully
2018-12-21 10:12:04 INFO  Log:28 - Employer FIEN Number is Entered Successfully
2018-12-21 10:12:04 INFO  Log:28 - Employer office address is Entered Successfully
2018-12-21 10:12:05 INFO  Log:28 - Employer City is Entered Successfully
2018-12-21 10:12:05 INFO  Log:28 - Employer State is Entered Successfully
2018-12-21 10:12:05 INFO  Log:28 - Employer Zipcode is Entered Successfully
2018-12-21 10:12:05 INFO  Log:28 - Employer telephone is Entered Successfully
2018-12-21 10:12:05 INFO  Log:28 - Employer Date of Injury is Entered Successfully
2018-12-21 10:12:05 INFO  Log:28 - Employer Date notified is Entered Successfully
2018-12-21 10:12:05 INFO  Log:28 - Employer Date of after injury is Entered Successfully
2018-12-21 10:12:05 INFO  Log:28 - Employee occupation is Entered Successfully
2018-12-21 10:12:06 INFO  Log:28 - Employee premesis is Entered Successfully
2018-12-21 10:12:06 INFO  Log:28 - Employee injury or illness is Entered Successfully
2018-12-21 10:12:06 INFO  Log:28 - Employee body injured is Entered Successfully
2018-12-21 10:12:06 INFO  Log:28 - Employee lookuppartofbodyinjured is Entered Successfully
2018-12-21 10:12:22 INFO  Log:28 - Employee fatal detail is Entered Successfully
2018-12-21 10:12:22 INFO  Log:28 - employee emergency is Entered Successfully
2018-12-21 10:12:59 INFO  Log:23 - Test is Ending...
2018-12-21 10:16:20 INFO  Log:18 - Test is Starting...
2018-12-21 10:16:31 INFO  Log:28 - Navigating to url
2018-12-21 10:16:32 INFO  Log:28 - Opening the browser
2018-12-21 10:16:33 INFO  Log:28 - Testing is Starting insideformFilling101
2018-12-21 10:16:33 INFO  Log:28 - FirstName is Entered Successfully
2018-12-21 10:16:33 INFO  Log:28 - socialsecuritynumber is Entered Successfully
2018-12-21 10:16:33 INFO  Log:28 - employee date of birth is Entered Successfully
2018-12-21 10:16:33 INFO  Log:28 - Employee home address is Entered Successfully
2018-12-21 10:16:33 INFO  Log:28 - Employee City is Entered Successfully
2018-12-21 10:16:34 INFO  Log:28 - Employee City is Entered Successfully
2018-12-21 10:16:34 INFO  Log:28 - Employee Zipcode is Entered Successfully
2018-12-21 10:16:34 INFO  Log:28 - Employee telephone is Entered Successfully
2018-12-21 10:16:34 INFO  Log:28 - Employee gender is Entered Successfully
2018-12-21 10:16:34 INFO  Log:28 - Employer Name is Entered Successfully
2018-12-21 10:16:35 INFO  Log:28 - Employer FIEN Number is Entered Successfully
2018-12-21 10:16:35 INFO  Log:28 - Employer office address is Entered Successfully
2018-12-21 10:16:35 INFO  Log:28 - Employer City is Entered Successfully
2018-12-21 10:16:35 INFO  Log:28 - Employer State is Entered Successfully
2018-12-21 10:16:35 INFO  Log:28 - Employer Zipcode is Entered Successfully
2018-12-21 10:16:35 INFO  Log:28 - Employer telephone is Entered Successfully
2018-12-21 10:16:35 INFO  Log:28 - Employer Date of Injury is Entered Successfully
2018-12-21 10:16:36 INFO  Log:28 - Employer Date notified is Entered Successfully
2018-12-21 10:16:36 INFO  Log:28 - Employer Date of after injury is Entered Successfully
2018-12-21 10:16:36 INFO  Log:28 - Employee occupation is Entered Successfully
2018-12-21 10:16:36 INFO  Log:28 - Employee premesis is Entered Successfully
2018-12-21 10:16:36 INFO  Log:28 - Employee injury or illness is Entered Successfully
2018-12-21 10:16:36 INFO  Log:28 - Employee body injured is Entered Successfully
2018-12-21 10:16:36 INFO  Log:28 - Employee lookuppartofbodyinjured is Entered Successfully
2018-12-21 10:16:52 INFO  Log:28 - Employee fatal detail is Entered Successfully
2018-12-21 10:16:52 INFO  Log:28 - employee emergency is Entered Successfully
2018-12-21 10:17:26 INFO  Log:18 - Test is Starting...
2018-12-21 10:17:34 INFO  Log:28 - Navigating to url
2018-12-21 10:17:36 INFO  Log:28 - Opening the browser
2018-12-21 10:17:36 INFO  Log:28 - Testing is Starting insideformFilling101
2018-12-21 10:17:36 INFO  Log:28 - FirstName is Entered Successfully
2018-12-21 10:17:36 INFO  Log:28 - socialsecuritynumber is Entered Successfully
2018-12-21 10:17:36 INFO  Log:28 - employee date of birth is Entered Successfully
2018-12-21 10:17:36 INFO  Log:28 - Employee home address is Entered Successfully
2018-12-21 10:17:36 INFO  Log:28 - Employee City is Entered Successfully
2018-12-21 10:17:37 INFO  Log:28 - Employee City is Entered Successfully
2018-12-21 10:17:37 INFO  Log:28 - Employee Zipcode is Entered Successfully
2018-12-21 10:17:37 INFO  Log:28 - Employee telephone is Entered Successfully
2018-12-21 10:17:37 INFO  Log:28 - Employee gender is Entered Successfully
2018-12-21 10:17:37 INFO  Log:28 - Employer Name is Entered Successfully
2018-12-21 10:17:37 INFO  Log:28 - Employer FIEN Number is Entered Successfully
2018-12-21 10:17:38 INFO  Log:28 - Employer office address is Entered Successfully
2018-12-21 10:17:38 INFO  Log:28 - Employer City is Entered Successfully
2018-12-21 10:17:38 INFO  Log:28 - Employer State is Entered Successfully
2018-12-21 10:17:38 INFO  Log:28 - Employer Zipcode is Entered Successfully
2018-12-21 10:17:38 INFO  Log:28 - Employer telephone is Entered Successfully
2018-12-21 10:17:38 INFO  Log:28 - Employer Date of Injury is Entered Successfully
2018-12-21 10:17:38 INFO  Log:28 - Employer Date notified is Entered Successfully
2018-12-21 10:17:38 INFO  Log:28 - Employer Date of after injury is Entered Successfully
2018-12-21 10:17:39 INFO  Log:28 - Employee occupation is Entered Successfully
2018-12-21 10:17:39 INFO  Log:28 - Employee premesis is Entered Successfully
2018-12-21 10:17:39 INFO  Log:28 - Employee injury or illness is Entered Successfully
2018-12-21 10:17:39 INFO  Log:28 - Employee body injured is Entered Successfully
2018-12-21 10:17:39 INFO  Log:28 - Employee lookuppartofbodyinjured is Entered Successfully
2018-12-21 10:17:54 INFO  Log:28 - Employee fatal detail is Entered Successfully
2018-12-21 10:17:54 INFO  Log:28 - employee emergency is Entered Successfully
2018-12-21 10:18:29 INFO  Log:18 - Test is Starting...
2018-12-21 10:18:38 INFO  Log:28 - Navigating to url
2018-12-21 10:18:39 INFO  Log:28 - Opening the browser
2018-12-21 10:18:40 INFO  Log:28 - Testing is Starting insideformFilling101
2018-12-21 10:18:40 INFO  Log:28 - FirstName is Entered Successfully
2018-12-21 10:18:40 INFO  Log:28 - socialsecuritynumber is Entered Successfully
2018-12-21 10:18:40 INFO  Log:28 - employee date of birth is Entered Successfully
2018-12-21 10:18:40 INFO  Log:28 - Employee home address is Entered Successfully
2018-12-21 10:18:40 INFO  Log:28 - Employee City is Entered Successfully
2018-12-21 10:18:40 INFO  Log:28 - Employee City is Entered Successfully
2018-12-21 10:18:40 INFO  Log:28 - Employee Zipcode is Entered Successfully
2018-12-21 10:18:41 INFO  Log:28 - Employee telephone is Entered Successfully
2018-12-21 10:18:41 INFO  Log:28 - Employee gender is Entered Successfully
2018-12-21 10:18:41 INFO  Log:28 - Employer Name is Entered Successfully
2018-12-21 10:18:41 INFO  Log:28 - Employer FIEN Number is Entered Successfully
2018-12-21 10:18:41 INFO  Log:28 - Employer office address is Entered Successfully
2018-12-21 10:18:41 INFO  Log:28 - Employer City is Entered Successfully
2018-12-21 10:18:41 INFO  Log:28 - Employer State is Entered Successfully
2018-12-21 10:18:42 INFO  Log:28 - Employer Zipcode is Entered Successfully
2018-12-21 10:18:42 INFO  Log:28 - Employer telephone is Entered Successfully
2018-12-21 10:18:42 INFO  Log:28 - Employer Date of Injury is Entered Successfully
2018-12-21 10:18:42 INFO  Log:28 - Employer Date notified is Entered Successfully
2018-12-21 10:18:42 INFO  Log:28 - Employer Date of after injury is Entered Successfully
2018-12-21 10:18:42 INFO  Log:28 - Employee occupation is Entered Successfully
2018-12-21 10:18:42 INFO  Log:28 - Employee premesis is Entered Successfully
2018-12-21 10:18:43 INFO  Log:28 - Employee injury or illness is Entered Successfully
2018-12-21 10:18:43 INFO  Log:28 - Employee body injured is Entered Successfully
2018-12-21 10:18:43 INFO  Log:28 - Employee lookuppartofbodyinjured is Entered Successfully
2018-12-21 10:18:58 INFO  Log:28 - Employee fatal detail is Entered Successfully
2018-12-21 10:18:58 INFO  Log:28 - employee emergency is Entered Successfully
2018-12-21 10:19:33 INFO  Log:23 - Test is Ending...
2018-12-21 10:26:40 INFO  Log:18 - Test is Starting...
2018-12-21 10:26:51 INFO  Log:28 - Navigating to url
2018-12-21 10:26:52 INFO  Log:28 - Opening the browser
2018-12-21 10:26:52 INFO  Log:28 - Testing is Starting insideformFilling101
2018-12-21 10:26:52 INFO  Log:28 - FirstName is Entered Successfully
2018-12-21 10:26:52 INFO  Log:28 - socialsecuritynumber is Entered Successfully
2018-12-21 10:26:53 INFO  Log:28 - employee date of birth is Entered Successfully
2018-12-21 10:26:53 INFO  Log:28 - Employee home address is Entered Successfully
2018-12-21 10:26:53 INFO  Log:28 - Employee City is Entered Successfully
2018-12-21 10:26:53 INFO  Log:28 - Employee City is Entered Successfully
2018-12-21 10:26:53 INFO  Log:28 - Employee Zipcode is Entered Successfully
2018-12-21 10:26:53 INFO  Log:28 - Employee telephone is Entered Successfully
2018-12-21 10:26:53 INFO  Log:28 - Employee gender is Entered Successfully
2018-12-21 10:26:54 INFO  Log:28 - Employer Name is Entered Successfully
2018-12-21 10:26:54 INFO  Log:28 - Employer FIEN Number is Entered Successfully
2018-12-21 10:26:54 INFO  Log:28 - Employer office address is Entered Successfully
2018-12-21 10:26:54 INFO  Log:28 - Employer City is Entered Successfully
2018-12-21 10:26:54 INFO  Log:28 - Employer State is Entered Successfully
2018-12-21 10:26:54 INFO  Log:28 - Employer Zipcode is Entered Successfully
2018-12-21 10:26:54 INFO  Log:28 - Employer telephone is Entered Successfully
2018-12-21 10:26:55 INFO  Log:28 - Employer Date of Injury is Entered Successfully
2018-12-21 10:26:55 INFO  Log:28 - Employer Date notified is Entered Successfully
2018-12-21 10:26:55 INFO  Log:28 - Employer Date of after injury is Entered Successfully
2018-12-21 10:26:55 INFO  Log:28 - Employee occupation is Entered Successfully
2018-12-21 10:26:55 INFO  Log:28 - Employee premesis is Entered Successfully
2018-12-21 10:26:55 INFO  Log:28 - Employee injury or illness is Entered Successfully
2018-12-21 10:26:55 INFO  Log:28 - Employee body injured is Entered Successfully
2018-12-21 10:26:55 INFO  Log:28 - Employee lookuppartofbodyinjured is Entered Successfully
2018-12-21 10:27:11 INFO  Log:28 - Employee fatal detail is Entered Successfully
2018-12-21 10:27:11 INFO  Log:28 - employee emergency is Entered Successfully
2018-12-21 10:27:45 INFO  Log:18 - Test is Starting...
2018-12-21 10:27:55 INFO  Log:28 - Navigating to url
2018-12-21 10:28:01 INFO  Log:28 - Opening the browser
2018-12-21 10:28:01 INFO  Log:18 - Test is Starting...
2018-12-21 10:28:06 INFO  Log:28 - Navigating to url
2018-12-21 10:28:12 INFO  Log:28 - Opening the browser
2018-12-21 10:54:57 INFO  Log:18 - Test is Starting...
2018-12-21 10:55:09 INFO  Log:28 - Navigating to url
2018-12-21 10:55:11 INFO  Log:28 - Opening the browser
2018-12-21 10:55:11 INFO  Log:28 - Testing is Starting insideformFilling101
2018-12-21 10:55:11 INFO  Log:28 - FirstName is Entered Successfully
2018-12-21 10:55:11 INFO  Log:28 - socialsecuritynumber is Entered Successfully
2018-12-21 10:55:12 INFO  Log:28 - employee date of birth is Entered Successfully
2018-12-21 10:55:12 INFO  Log:28 - Employee home address is Entered Successfully
2018-12-21 10:55:12 INFO  Log:28 - Employee City is Entered Successfully
2018-12-21 10:55:12 INFO  Log:28 - Employee City is Entered Successfully
2018-12-21 10:55:12 INFO  Log:28 - Employee Zipcode is Entered Successfully
2018-12-21 10:55:12 INFO  Log:28 - Employee telephone is Entered Successfully
2018-12-21 10:55:12 INFO  Log:28 - Employee gender is Entered Successfully
2018-12-21 10:55:13 INFO  Log:28 - Employer Name is Entered Successfully
2018-12-21 10:55:13 INFO  Log:28 - Employer FIEN Number is Entered Successfully
2018-12-21 10:55:13 INFO  Log:28 - Employer office address is Entered Successfully
2018-12-21 10:55:13 INFO  Log:28 - Employer City is Entered Successfully
2018-12-21 10:55:13 INFO  Log:28 - Employer State is Entered Successfully
2018-12-21 10:55:14 INFO  Log:28 - Employer Zipcode is Entered Successfully
2018-12-21 10:55:14 INFO  Log:28 - Employer telephone is Entered Successfully
2018-12-21 10:55:14 INFO  Log:28 - Employer Date of Injury is Entered Successfully
2018-12-21 10:55:14 INFO  Log:28 - Employer Date notified is Entered Successfully
2018-12-21 10:55:14 INFO  Log:28 - Employer Date of after injury is Entered Successfully
2018-12-21 10:55:14 INFO  Log:28 - Employee occupation is Entered Successfully
2018-12-21 10:55:15 INFO  Log:28 - Employee premesis is Entered Successfully
2018-12-21 10:55:15 INFO  Log:28 - Employee injury or illness is Entered Successfully
2018-12-21 10:55:15 INFO  Log:28 - Employee body injured is Entered Successfully
2018-12-21 10:55:15 INFO  Log:28 - Employee lookuppartofbodyinjured is Entered Successfully
2018-12-21 10:55:30 INFO  Log:28 - Employee fatal detail is Entered Successfully
2018-12-21 10:55:30 INFO  Log:28 - employee emergency is Entered Successfully
2018-12-21 10:56:05 INFO  Log:18 - Test is Starting...
2018-12-21 10:56:15 INFO  Log:28 - Navigating to url
2018-12-21 10:56:16 INFO  Log:28 - Opening the browser
2018-12-21 10:56:17 INFO  Log:28 - Testing is Starting insideformFilling101
2018-12-21 10:56:17 INFO  Log:28 - FirstName is Entered Successfully
2018-12-21 10:56:17 INFO  Log:28 - socialsecuritynumber is Entered Successfully
2018-12-21 10:56:17 INFO  Log:28 - employee date of birth is Entered Successfully
2018-12-21 10:56:17 INFO  Log:28 - Employee home address is Entered Successfully
2018-12-21 10:56:18 INFO  Log:28 - Employee City is Entered Successfully
2018-12-21 10:56:18 INFO  Log:28 - Employee City is Entered Successfully
2018-12-21 10:56:18 INFO  Log:28 - Employee Zipcode is Entered Successfully
2018-12-21 10:56:18 INFO  Log:28 - Employee telephone is Entered Successfully
2018-12-21 10:56:18 INFO  Log:28 - Employee gender is Entered Successfully
2018-12-21 10:56:19 INFO  Log:28 - Employer Name is Entered Successfully
2018-12-21 10:56:19 INFO  Log:28 - Employer FIEN Number is Entered Successfully
2018-12-21 10:56:19 INFO  Log:28 - Employer office address is Entered Successfully
2018-12-21 10:56:19 INFO  Log:28 - Employer City is Entered Successfully
2018-12-21 10:56:19 INFO  Log:28 - Employer State is Entered Successfully
2018-12-21 10:56:19 INFO  Log:28 - Employer Zipcode is Entered Successfully
2018-12-21 10:56:19 INFO  Log:28 - Employer telephone is Entered Successfully
2018-12-21 10:56:20 INFO  Log:28 - Employer Date of Injury is Entered Successfully
2018-12-21 10:56:20 INFO  Log:28 - Employer Date notified is Entered Successfully
2018-12-21 10:56:20 INFO  Log:28 - Employer Date of after injury is Entered Successfully
2018-12-21 10:56:20 INFO  Log:28 - Employee occupation is Entered Successfully
2018-12-21 10:56:20 INFO  Log:28 - Employee premesis is Entered Successfully
2018-12-21 10:56:20 INFO  Log:28 - Employee injury or illness is Entered Successfully
2018-12-21 10:56:21 INFO  Log:28 - Employee body injured is Entered Successfully
2018-12-21 10:56:21 INFO  Log:28 - Employee lookuppartofbodyinjured is Entered Successfully
2018-12-21 10:56:36 INFO  Log:28 - Employee fatal detail is Entered Successfully
2018-12-21 10:56:36 INFO  Log:28 - employee emergency is Entered Successfully
2018-12-21 10:57:12 INFO  Log:18 - Test is Starting...
2018-12-21 10:57:22 INFO  Log:28 - Navigating to url
2018-12-21 10:57:23 INFO  Log:28 - Opening the browser
2018-12-21 10:57:23 INFO  Log:28 - Testing is Starting insideformFilling101
2018-12-21 10:57:23 INFO  Log:28 - FirstName is Entered Successfully
2018-12-21 10:57:23 INFO  Log:28 - socialsecuritynumber is Entered Successfully
2018-12-21 10:57:24 INFO  Log:28 - employee date of birth is Entered Successfully
2018-12-21 10:57:24 INFO  Log:28 - Employee home address is Entered Successfully
2018-12-21 10:57:24 INFO  Log:28 - Employee City is Entered Successfully
2018-12-21 10:57:24 INFO  Log:28 - Employee City is Entered Successfully
2018-12-21 10:57:24 INFO  Log:28 - Employee Zipcode is Entered Successfully
2018-12-21 10:57:24 INFO  Log:28 - Employee telephone is Entered Successfully
2018-12-21 10:57:25 INFO  Log:28 - Employee gender is Entered Successfully
2018-12-21 10:57:25 INFO  Log:28 - Employer Name is Entered Successfully
2018-12-21 10:57:25 INFO  Log:28 - Employer FIEN Number is Entered Successfully
2018-12-21 10:57:25 INFO  Log:28 - Employer office address is Entered Successfully
2018-12-21 10:57:25 INFO  Log:28 - Employer City is Entered Successfully
2018-12-21 10:57:26 INFO  Log:28 - Employer State is Entered Successfully
2018-12-21 10:57:26 INFO  Log:28 - Employer Zipcode is Entered Successfully
2018-12-21 10:57:26 INFO  Log:28 - Employer telephone is Entered Successfully
2018-12-21 10:57:26 INFO  Log:28 - Employer Date of Injury is Entered Successfully
2018-12-21 10:57:26 INFO  Log:28 - Employer Date notified is Entered Successfully
2018-12-21 10:57:26 INFO  Log:28 - Employer Date of after injury is Entered Successfully
2018-12-21 10:57:27 INFO  Log:28 - Employee occupation is Entered Successfully
2018-12-21 10:57:27 INFO  Log:28 - Employee premesis is Entered Successfully
2018-12-21 10:57:27 INFO  Log:28 - Employee injury or illness is Entered Successfully
2018-12-21 10:57:27 INFO  Log:28 - Employee body injured is Entered Successfully
2018-12-21 10:57:27 INFO  Log:28 - Employee lookuppartofbodyinjured is Entered Successfully
2018-12-21 10:57:47 INFO  Log:28 - Employee fatal detail is Entered Successfully
2018-12-21 10:57:47 INFO  Log:28 - employee emergency is Entered Successfully
2018-12-21 10:58:22 INFO  Log:23 - Test is Ending...
2018-12-21 14:23:52 INFO  Log:18 - Test is Starting...
2018-12-21 14:24:10 INFO  Log:28 - Navigating to url
2018-12-21 14:24:11 INFO  Log:28 - Opening the browser
2018-12-21 14:24:12 INFO  Log:28 - Testing is Starting insideformFilling101
2018-12-21 14:24:12 INFO  Log:28 - FirstName is Entered Successfully
2018-12-21 14:24:12 INFO  Log:28 - socialsecuritynumber is Entered Successfully
2018-12-21 14:24:12 INFO  Log:28 - employee date of birth is Entered Successfully
2018-12-21 14:24:12 INFO  Log:28 - Employee home address is Entered Successfully
2018-12-21 14:24:12 INFO  Log:28 - Employee City is Entered Successfully
2018-12-21 14:24:13 INFO  Log:28 - Employee City is Entered Successfully
2018-12-21 14:24:13 INFO  Log:28 - Employee Zipcode is Entered Successfully
2018-12-21 14:24:13 INFO  Log:28 - Employee telephone is Entered Successfully
2018-12-21 14:24:13 INFO  Log:28 - Employee gender is Entered Successfully
2018-12-21 14:24:13 INFO  Log:28 - Employer Name is Entered Successfully
2018-12-21 14:24:13 INFO  Log:28 - Employer FIEN Number is Entered Successfully
2018-12-21 14:24:14 INFO  Log:28 - Employer office address is Entered Successfully
2018-12-21 14:24:14 INFO  Log:28 - Employer City is Entered Successfully
2018-12-21 14:24:14 INFO  Log:28 - Employer State is Entered Successfully
2018-12-21 14:24:14 INFO  Log:28 - Employer Zipcode is Entered Successfully
2018-12-21 14:24:14 INFO  Log:28 - Employer telephone is Entered Successfully
2018-12-21 14:24:14 INFO  Log:28 - Employer Date of Injury is Entered Successfully
2018-12-21 14:24:14 INFO  Log:28 - Employer Date notified is Entered Successfully
2018-12-21 14:24:15 INFO  Log:28 - Employer Date of after injury is Entered Successfully
2018-12-21 14:24:15 INFO  Log:28 - Employee occupation is Entered Successfully
2018-12-21 14:24:15 INFO  Log:28 - Employee premesis is Entered Successfully
2018-12-21 14:24:15 INFO  Log:28 - Employee injury or illness is Entered Successfully
2018-12-21 14:24:15 INFO  Log:28 - Employee body injured is Entered Successfully
2018-12-21 14:24:15 INFO  Log:28 - Employee lookuppartofbodyinjured is Entered Successfully
2018-12-21 14:24:30 INFO  Log:28 - Employee fatal detail is Entered Successfully
2018-12-21 14:24:30 INFO  Log:28 - employee emergency is Entered Successfully
2018-12-21 14:25:06 INFO  Log:18 - Test is Starting...
2018-12-21 14:25:20 INFO  Log:28 - Navigating to url
2018-12-21 14:25:21 INFO  Log:28 - Opening the browser
2018-12-21 14:25:21 INFO  Log:28 - Testing is Starting insideformFilling101
2018-12-21 14:25:21 INFO  Log:28 - FirstName is Entered Successfully
2018-12-21 14:25:22 INFO  Log:28 - socialsecuritynumber is Entered Successfully
2018-12-21 14:25:22 INFO  Log:28 - employee date of birth is Entered Successfully
2018-12-21 14:25:22 INFO  Log:28 - Employee home address is Entered Successfully
2018-12-21 14:25:22 INFO  Log:28 - Employee City is Entered Successfully
2018-12-21 14:25:22 INFO  Log:28 - Employee City is Entered Successfully
2018-12-21 14:25:22 INFO  Log:28 - Employee Zipcode is Entered Successfully
2018-12-21 14:25:22 INFO  Log:28 - Employee telephone is Entered Successfully
2018-12-21 14:25:22 INFO  Log:28 - Employee gender is Entered Successfully
2018-12-21 14:25:23 INFO  Log:28 - Employer Name is Entered Successfully
2018-12-21 14:25:23 INFO  Log:28 - Employer FIEN Number is Entered Successfully
2018-12-21 14:25:23 INFO  Log:28 - Employer office address is Entered Successfully
2018-12-21 14:25:23 INFO  Log:28 - Employer City is Entered Successfully
2018-12-21 14:25:23 INFO  Log:28 - Employer State is Entered Successfully
2018-12-21 14:25:23 INFO  Log:28 - Employer Zipcode is Entered Successfully
2018-12-21 14:25:23 INFO  Log:28 - Employer telephone is Entered Successfully
2018-12-21 14:25:24 INFO  Log:28 - Employer Date of Injury is Entered Successfully
2018-12-21 14:25:24 INFO  Log:28 - Employer Date notified is Entered Successfully
2018-12-21 14:25:24 INFO  Log:28 - Employer Date of after injury is Entered Successfully
2018-12-21 14:25:24 INFO  Log:28 - Employee occupation is Entered Successfully
2018-12-21 14:25:24 INFO  Log:28 - Employee premesis is Entered Successfully
2018-12-21 14:25:24 INFO  Log:28 - Employee injury or illness is Entered Successfully
2018-12-21 14:25:24 INFO  Log:28 - Employee body injured is Entered Successfully
2018-12-21 14:25:24 INFO  Log:28 - Employee lookuppartofbodyinjured is Entered Successfully
2018-12-21 14:25:40 INFO  Log:28 - Employee fatal detail is Entered Successfully
2018-12-21 14:25:40 INFO  Log:28 - employee emergency is Entered Successfully
2018-12-21 14:26:14 INFO  Log:18 - Test is Starting...
2018-12-21 14:26:28 INFO  Log:28 - Navigating to url
2018-12-21 14:26:29 INFO  Log:28 - Opening the browser
2018-12-21 14:26:29 INFO  Log:28 - Testing is Starting insideformFilling101
2018-12-21 14:26:29 INFO  Log:28 - FirstName is Entered Successfully
2018-12-21 14:26:29 INFO  Log:28 - socialsecuritynumber is Entered Successfully
2018-12-21 14:26:30 INFO  Log:28 - employee date of birth is Entered Successfully
2018-12-21 14:26:30 INFO  Log:28 - Employee home address is Entered Successfully
2018-12-21 14:26:30 INFO  Log:28 - Employee City is Entered Successfully
2018-12-21 14:26:30 INFO  Log:28 - Employee City is Entered Successfully
2018-12-21 14:26:30 INFO  Log:28 - Employee Zipcode is Entered Successfully
2018-12-21 14:26:30 INFO  Log:28 - Employee telephone is Entered Successfully
2018-12-21 14:26:30 INFO  Log:28 - Employee gender is Entered Successfully
2018-12-21 14:26:31 INFO  Log:28 - Employer Name is Entered Successfully
2018-12-21 14:26:31 INFO  Log:28 - Employer FIEN Number is Entered Successfully
2018-12-21 14:26:31 INFO  Log:28 - Employer office address is Entered Successfully
2018-12-21 14:26:31 INFO  Log:28 - Employer City is Entered Successfully
2018-12-21 14:26:31 INFO  Log:28 - Employer State is Entered Successfully
2018-12-21 14:26:31 INFO  Log:28 - Employer Zipcode is Entered Successfully
2018-12-21 14:26:32 INFO  Log:28 - Employer telephone is Entered Successfully
2018-12-21 14:26:32 INFO  Log:28 - Employer Date of Injury is Entered Successfully
2018-12-21 14:26:32 INFO  Log:28 - Employer Date notified is Entered Successfully
2018-12-21 14:26:32 INFO  Log:28 - Employer Date of after injury is Entered Successfully
2018-12-21 14:26:32 INFO  Log:28 - Employee occupation is Entered Successfully
2018-12-21 14:26:32 INFO  Log:28 - Employee premesis is Entered Successfully
2018-12-21 14:26:32 INFO  Log:28 - Employee injury or illness is Entered Successfully
2018-12-21 14:26:33 INFO  Log:28 - Employee body injured is Entered Successfully
2018-12-21 14:26:33 INFO  Log:28 - Employee lookuppartofbodyinjured is Entered Successfully
2018-12-21 14:26:48 INFO  Log:28 - Employee fatal detail is Entered Successfully
2018-12-21 14:26:48 INFO  Log:28 - employee emergency is Entered Successfully
2018-12-21 14:27:23 INFO  Log:23 - Test is Ending...
2018-12-24 10:22:25 INFO  Log:18 - Test is Starting...
2018-12-24 10:22:44 INFO  Log:28 - Navigating to url
2018-12-24 10:22:46 INFO  Log:28 - Opening the browser
2018-12-24 10:22:48 INFO  Log:28 - Entering the Lastname
2018-12-24 10:22:49 INFO  Log:28 - FirstName is Entered Successfully
2018-12-24 10:22:49 INFO  Log:28 - socialsecuritynumber is Entered Successfully
2018-12-24 10:22:49 INFO  Log:28 - employee date of birth is Entered Successfully
2018-12-24 10:22:49 INFO  Log:28 - Employee home address is Entered Successfully
2018-12-24 10:22:49 INFO  Log:28 - Employee City is Entered Successfully
2018-12-24 10:22:49 INFO  Log:28 - Employee State is Entered Successfully
2018-12-24 10:22:49 INFO  Log:28 - Employee Zipcode is Entered Successfully
2018-12-24 10:22:49 INFO  Log:28 - Employee telephone is Entered Successfully
2018-12-24 10:22:50 INFO  Log:28 - Employee gender is Entered Successfully
2018-12-24 10:22:50 INFO  Log:28 - Employer Name is Entered Successfully
2018-12-24 10:22:50 INFO  Log:28 - Employer FIEN Number is Entered Successfully
2018-12-24 10:22:50 INFO  Log:28 - Employer office address is Entered Successfully
2018-12-24 10:22:50 INFO  Log:28 - Employer City is Entered Successfully
2018-12-24 10:22:50 INFO  Log:28 - Employer State is Entered Successfully
2018-12-24 10:22:51 INFO  Log:28 - Employer Zipcode is Entered Successfully
2018-12-24 10:22:51 INFO  Log:28 - Employer telephone is Entered Successfully
2018-12-24 10:22:51 INFO  Log:28 - Employer Date of Injury is Entered Successfully
2018-12-24 10:22:51 INFO  Log:28 - Employer Date notified is Entered Successfully
2018-12-24 10:22:51 INFO  Log:28 - Employer Date of after injury is Entered Successfully
2018-12-24 10:22:51 INFO  Log:28 - Employee occupation is Entered Successfully
2018-12-24 10:22:51 INFO  Log:28 - Employee premesis is Entered Successfully
2018-12-24 10:22:51 INFO  Log:28 - Employee injury or illness is Entered Successfully
2018-12-24 10:22:52 INFO  Log:28 - Employee body injured is Entered Successfully
2018-12-24 10:22:52 INFO  Log:28 - Employee lookuppartofbodyinjured is Entered Successfully
2018-12-24 10:23:07 INFO  Log:28 - Employee fatal detail is Entered Successfully
2018-12-24 10:23:07 INFO  Log:28 - employee emergency is Entered Successfully
2018-12-24 10:23:51 INFO  Log:28 - Loging into the Lightning Successfully
2018-12-24 10:24:14 INFO  Log:18 - Test is Starting...
2018-12-24 10:24:25 INFO  Log:28 - Navigating to url
2018-12-24 10:24:26 INFO  Log:28 - Opening the browser
2018-12-24 10:24:26 INFO  Log:28 - Entering the Lastname
2018-12-24 10:24:26 INFO  Log:28 - FirstName is Entered Successfully
2018-12-24 10:24:26 INFO  Log:28 - socialsecuritynumber is Entered Successfully
2018-12-24 10:24:27 INFO  Log:28 - employee date of birth is Entered Successfully
2018-12-24 10:24:27 INFO  Log:28 - Employee home address is Entered Successfully
2018-12-24 10:24:27 INFO  Log:28 - Employee City is Entered Successfully
2018-12-24 10:24:27 INFO  Log:28 - Employee State is Entered Successfully
2018-12-24 10:24:27 INFO  Log:28 - Employee Zipcode is Entered Successfully
2018-12-24 10:24:27 INFO  Log:28 - Employee telephone is Entered Successfully
2018-12-24 10:24:27 INFO  Log:28 - Employee gender is Entered Successfully
2018-12-24 10:24:28 INFO  Log:28 - Employer Name is Entered Successfully
2018-12-24 10:24:28 INFO  Log:28 - Employer FIEN Number is Entered Successfully
2018-12-24 10:24:28 INFO  Log:28 - Employer office address is Entered Successfully
2018-12-24 10:24:28 INFO  Log:28 - Employer City is Entered Successfully
2018-12-24 10:24:28 INFO  Log:28 - Employer State is Entered Successfully
2018-12-24 10:24:29 INFO  Log:28 - Employer Zipcode is Entered Successfully
2018-12-24 10:24:29 INFO  Log:28 - Employer telephone is Entered Successfully
2018-12-24 10:24:29 INFO  Log:28 - Employer Date of Injury is Entered Successfully
2018-12-24 10:24:29 INFO  Log:28 - Employer Date notified is Entered Successfully
2018-12-24 10:24:29 INFO  Log:28 - Employer Date of after injury is Entered Successfully
2018-12-24 10:24:29 INFO  Log:28 - Employee occupation is Entered Successfully
2018-12-24 10:24:30 INFO  Log:28 - Employee premesis is Entered Successfully
2018-12-24 10:24:30 INFO  Log:28 - Employee injury or illness is Entered Successfully
2018-12-24 10:24:30 INFO  Log:28 - Employee body injured is Entered Successfully
2018-12-24 10:24:30 INFO  Log:28 - Employee lookuppartofbodyinjured is Entered Successfully
2018-12-24 10:24:45 INFO  Log:28 - Employee fatal detail is Entered Successfully
2018-12-24 10:24:45 INFO  Log:28 - employee emergency is Entered Successfully
2018-12-24 10:25:29 INFO  Log:28 - Loging into the Lightning Successfully
2018-12-24 10:25:51 INFO  Log:18 - Test is Starting...
2018-12-24 10:26:15 INFO  Log:28 - Navigating to url
2018-12-24 10:26:16 INFO  Log:28 - Opening the browser
2018-12-24 10:26:16 INFO  Log:28 - Entering the Lastname
2018-12-24 10:26:17 INFO  Log:28 - FirstName is Entered Successfully
2018-12-24 10:26:17 INFO  Log:28 - socialsecuritynumber is Entered Successfully
2018-12-24 10:26:17 INFO  Log:28 - employee date of birth is Entered Successfully
2018-12-24 10:26:17 INFO  Log:28 - Employee home address is Entered Successfully
2018-12-24 10:26:17 INFO  Log:28 - Employee City is Entered Successfully
2018-12-24 10:26:17 INFO  Log:28 - Employee State is Entered Successfully
2018-12-24 10:26:18 INFO  Log:28 - Employee Zipcode is Entered Successfully
2018-12-24 10:26:18 INFO  Log:28 - Employee telephone is Entered Successfully
2018-12-24 10:26:18 INFO  Log:28 - Employee gender is Entered Successfully
2018-12-24 10:26:18 INFO  Log:28 - Employer Name is Entered Successfully
2018-12-24 10:26:18 INFO  Log:28 - Employer FIEN Number is Entered Successfully
2018-12-24 10:26:19 INFO  Log:28 - Employer office address is Entered Successfully
2018-12-24 10:26:19 INFO  Log:28 - Employer City is Entered Successfully
2018-12-24 10:26:19 INFO  Log:28 - Employer State is Entered Successfully
2018-12-24 10:26:19 INFO  Log:28 - Employer Zipcode is Entered Successfully
2018-12-24 10:26:19 INFO  Log:28 - Employer telephone is Entered Successfully
2018-12-24 10:26:19 INFO  Log:28 - Employer Date of Injury is Entered Successfully
2018-12-24 10:26:20 INFO  Log:28 - Employer Date notified is Entered Successfully
2018-12-24 10:26:20 INFO  Log:28 - Employer Date of after injury is Entered Successfully
2018-12-24 10:26:20 INFO  Log:28 - Employee occupation is Entered Successfully
2018-12-24 10:26:20 INFO  Log:28 - Employee premesis is Entered Successfully
2018-12-24 10:26:20 INFO  Log:28 - Employee injury or illness is Entered Successfully
2018-12-24 10:26:20 INFO  Log:28 - Employee body injured is Entered Successfully
2018-12-24 10:26:20 INFO  Log:28 - Employee lookuppartofbodyinjured is Entered Successfully
2018-12-24 10:26:36 INFO  Log:28 - Employee fatal detail is Entered Successfully
2018-12-24 10:26:36 INFO  Log:28 - employee emergency is Entered Successfully
2018-12-24 10:27:21 INFO  Log:28 - Loging into the Lightning Successfully
2018-12-24 10:27:48 INFO  Log:23 - Test is Ending...
